STEP BY STEP SOLUTION FOR P1-(1)

Calibration data provided (b-frame) :

 Sensor       x1(m)          x2(m)          x3(m)        alpha(deg)      beta(deg)     gamma(deg)  Code  
-------   ------------   ------------   ------------  -------------  -------------  ------------- ------
      0         0.0000         0.0000         0.0000     0.00000000     0.00000000     0.00000000   PLA
      1         0.0000         0.0000        -0.0250     0.26356800    -0.43797400     2.86921400   INS
      2         0.4000        -0.4000        -0.0150     0.00000000     0.00000000     0.00000000   REC2
      3         0.4000         0.4000        -0.0150     0.00000000     0.00000000     0.00000000   REC3
      4        -0.4000        -0.4000        -0.0150     0.00000000     0.00000000     0.00000000   REC4
      5        -0.4000         0.4000        -0.0150     0.00000000     0.00000000     0.00000000   REC5
      6         0.7000        -0.1500        -0.0800     0.19654300     0.54167400    -1.35584700   CAM1
      7         0.7000         0.1500        -0.0800    -0.28749500     0.42658800     1.12879200   CAM2

Coordinates provided by the four GNSS receivers:

e-frame ECEF coordinates (ETRS89) of all sensors :

Sensor        x1(m)          x2(m)          x3(m)      Code
-------   ------------   ------------   ------------
      2   4929475.9686    -28861.7071   4033747.6040   REC2
      3   4929476.4033    -28862.0004   4033747.0145   REC3
      4   4929475.7827    -28862.4222   4033747.8498   REC4
      5   4929476.2396    -28862.7329   4033747.2662   REC5

e-frame geodetic coordinates (ETRS89) of all sensors :

Sensor         Latitude           Longitude        h.ell(m)      N (m)    Code
-------     ---------------    ----------------   ---------    --------  
      2     39º28'53.13364"    - 0º20' 7.65096"     55.8670     50.0166   REC2
      3     39º28'53.10989"    - 0º20' 7.66313"     55.8290     50.0166   REC3
      4     39º28'53.14354"    - 0º20' 7.68093"     55.8830     50.0166   REC4
      5     39º28'53.11947"    - 0º20' 7.69382"     55.8660     50.0166   REC5

e-frame TMzn  coordinates (ETRS89) of all sensors :

Sensor          E              N       zn    H.or(m)    Code
-------    -----------   ------------  --  ----------    
      2    729171.5950   4373592.7170  30      5.8504   REC2
      3    729171.3260   4373591.9760  30      5.8124   REC3
      4    729170.8700   4373593.0010  30      5.8664   REC4
      5    729170.5840   4373592.2500  30      5.8494   REC5

e-frame coordinates of the selected point as origin:

      4  Xo  =       4929475.7827 m   Yo  =        -28862.4222 m  Zo  =    4033747.8498 m
      4  lat =    39º28'53.14353"     lon =   - 0º20' 7.68093"    hel =         55.8830 m

Applying translation to set the receiver number 4 as origin of the e-frame to n-frame rotation

Translated vectors :

Sensor        x1(m)          x2(m)          x3(m)      Code
-------   ------------   ------------   ------------
      2         0.1859         0.7150        -0.2458   REC2
      3         0.6207         0.4218        -0.8353   REC3
      4         0.0000         0.0000         0.0000   REC4
      5         0.4569        -0.3107        -0.5835   REC5



Rotation matrix :

   -0.6358171823    0.0037227536    0.7718307144
    0.0058549689    0.9999828595    0.0000000000
   -0.7718174849    0.0045190448   -0.6358280807

Euler angles :

a1 = -179.5927864075 deg = -199.5475404528 gon =   -3.1344854356 rad
a2 =  -50.5173791136 deg =  -56.1304212373 gon =   -0.8816945950 rad
a3 = -179.4724025470 deg = -199.4137806077 gon =   -3.1323843409 rad

Computing rotation from the n-frame to the b-frame(NED)

Sensor        x1(m)          x2(m)          x3(m)      Code
-------   ------------   ------------   ------------
      2        -0.3053         0.7161         0.0160   REC2
      3        -1.0378         0.4254         0.0540   REC3
      4         0.0000         0.0000         0.0000   REC4
      5        -0.7421        -0.3080         0.0170   REC5

Common points detected :

     Point       x1(m)          x2(m)          x3(m)           x1(m)          x2(m)          x3(m)     code
             ------------------------------------------  -------------------------------------------
         2        -0.3053         0.7161         0.0160         0.4000        -0.4000        -0.0150   REC2
         3        -1.0378         0.4254         0.0540         0.4000         0.4000        -0.0150   REC3
         4         0.0000         0.0000         0.0000        -0.4000        -0.4000        -0.0150   REC4
         5        -0.7421        -0.3080         0.0170        -0.4000         0.4000        -0.0150   REC5

Computing 3D rotation matrix from the n-frame(NED) to b-frame

     Point       x1(m)          x2(m)          x3(m)           x1(m)          x2(m)          x3(m)     code
             ------------------------------------------  -------------------------------------------
         2        -0.3053         0.7161         0.0160         0.4000        -0.4000        -0.0150   REC2
         3        -1.0378         0.4254         0.0540         0.4000         0.4000        -0.0150   REC3
         4         0.0000         0.0000         0.0000        -0.4000        -0.4000        -0.0150   REC4
         5        -0.7421        -0.3080         0.0170        -0.4000         0.4000        -0.0150   REC5

Step (1) -> From-frame translation to the centroid (frx) :

Translated vectors :

Sensor        x1(m)          x2(m)          x3(m)      Code
-------   ------------   ------------   ------------
      2         0.2160         0.5077        -0.0058   REC2
      3        -0.5165         0.2170         0.0323   REC3
      4         0.5213        -0.2084        -0.0218   REC4
      5        -0.2208        -0.5164        -0.0047   REC5

Step (2) -> To-frame translation to the centroid (tox) :

Translated vectors :

Sensor        x1(m)          x2(m)          x3(m)      Code
-------   ------------   ------------   ------------
      2         0.4000        -0.4000         0.0000   PLA
      3         0.4000         0.4000         0.0000   INS
      4        -0.4000        -0.4000         0.0000   REC2
      5        -0.4000         0.4000         0.0000   REC3

Step (3) -> [U,S,V] = svd(tox*frx') :

Step (4) -> R = U*V' :

Vectors refered to the barycenter :

                                  from                                         to
             ------------------------------------------   ------------------------------------------
     Point         x1(m)          x2(m)          x3(m)          x1(m)          x2(m)          x3(m)    code

         2         0.2160         0.5077        -0.0058         0.4000        -0.4000         0.0000   REC2
         3        -0.5165         0.2170         0.0323         0.4000         0.4000         0.0000   REC3
         4         0.5213        -0.2084        -0.0218        -0.4000        -0.4000         0.0000   REC4
         5        -0.2208        -0.5164        -0.0047        -0.4000         0.4000         0.0000   REC5

Rotation matrix obtained by using singular value decomposition (svd) R = (U*V') :

Rotation matrix :

   -0.3788327666    0.9248546357    0.0336100839
   -0.9243907958   -0.3798927797    0.0343966950
    0.0445801710   -0.0180382571    0.9988429454

Euler angles :

a1 =    1.0346007566 deg =    1.1495563963 gon =    0.0180571896 rad
a2 =    2.5551024560 deg =    2.8390027289 gon =    0.0445949506 rad
a3 =  112.2847427825 deg =  124.7608253139 gon =    1.9597384613 rad

