STEP BY STEP SOLUTION FOR P1-(2b)

Calibration data provided (b-frame) :

 Sensor       x1(m)          x2(m)          x3(m)        alpha(deg)      beta(deg)     gamma(deg)  Code  
-------   ------------   ------------   ------------  -------------  -------------  ------------- ------
      0         0.0000         0.0000         0.0000     0.00000000     0.00000000     0.00000000   PLA
      1         0.0000         0.0000        -0.0250     0.26356800    -0.43797400     2.86921400   INS
      2         0.4000        -0.4000        -0.0150     0.00000000     0.00000000     0.00000000   REC2
      3         0.4000         0.4000        -0.0150     0.00000000     0.00000000     0.00000000   REC3
      4        -0.4000        -0.4000        -0.0150     0.00000000     0.00000000     0.00000000   REC4
      5        -0.4000         0.4000        -0.0150     0.00000000     0.00000000     0.00000000   REC5
      6         0.7000        -0.1500        -0.0800     0.19654300     0.54167400    -1.35584700   CAM1
      7         0.7000         0.1500        -0.0800    -0.28749500     0.42658800     1.12879200   CAM2

Navigation angles provided by the INS :

       roll  =     1.0346036160 deg
       pitch =     2.5550957324 deg
       yaw   =   112.2847406251 deg

NOTE: They describe the attitude of the s-frame(INS) with regard a n-frame(NED) with the northing 
      coordinate pointing towwards the magnetic north. Therefore, the calibration parametres and the declination
      value has to be included into the computations.

----------------------------------------
Rotation from the s-frame to the b-frame
----------------------------------------
Prior rotation, the b-frame has to be translated to the device providing the navigation angles (1):

Calibration angles provided for the device (1) to transform from the s-frame(INS) to the b-frame(PLATFORM):

       alpha =     0.2635680000 deg
       beta  =    -0.4379740000 deg
       gamma =     2.8692140000 deg


Rotation from the b-frame(PLATFORM) to the s-frame(INS)

Euler angles :

a1 =   -0.2635680000 deg =   -0.2928533333 gon =   -0.0046001294 rad
a2 =    0.4379740000 deg =    0.4866377778 gon =    0.0076440883 rad
a3 =   -2.8692140000 deg =   -3.1880155556 gon =   -0.0500772312 rad

Rotation matrix :

    0.9987172182   -0.0500908935   -0.0074040859
    0.0500548414    0.9987340700   -0.0049769735
    0.0076440139    0.0045999788    0.9999602038

--------------------------------------------------------------
Rotation from the s-frame (INS) to the n-frame(Magnetic North)
--------------------------------------------------------------


Rotation from the s-frame(INS) to the n-frame(MN)

Euler angles :

a1 =   -1.0346036160 deg =   -1.1495595733 gon =   -0.0180572396 rad
a2 =   -2.5550957324 deg =   -2.8389952582 gon =   -0.0445948332 rad
a3 = -112.2847406251 deg = -124.7608229168 gon =   -1.9597384237 rad

Rotation matrix :

   -0.3788327338   -0.9254651381   -0.0001947847
    0.9243908149   -0.3784030888    0.0480907868
   -0.0445800538    0.0180383070    0.9988429498

-------------------------------------------------------------------------
Rotation from the n-frame(Magnetic North) to the n-frame (Geodetic North)
-------------------------------------------------------------------------

Declination provided for the device (1) to transform from the Magnetic North to the Geodetic North:

       declination =    -0.7000000000 deg


Rotation from the n-frame(MN) to the n-frame(GN)

Euler angles :

a1 =    0.0000000000 deg =    0.0000000000 gon =    0.0000000000 rad
a2 =    0.0000000000 deg =    0.0000000000 gon =    0.0000000000 rad
a3 =   -0.7000000000 deg =   -0.7777777778 gon =   -0.0122173048 rad

Rotation matrix :

    0.9999253697   -0.0122170008   -0.0000000000
    0.0122170008    0.9999253697    0.0000000000
    0.0000000000   -0.0000000000    1.0000000000

--------------------------------------------------------------------------------------
Total rotation from the b-frame to the n-frame (GN) by using the INS navigation angles
--------------------------------------------------------------------------------------


Rotation matrix :

   -0.4356924668   -0.9000707391    0.0066887164
    0.8993759887   -0.4350350340    0.0432128471
   -0.0359847933    0.0248431829    0.9990434980

Euler angles :

a1 =   -1.4244787578 deg =   -1.5827541754 gon =   -0.0248618444 rad
a2 =   -2.0622220091 deg =   -2.2913577879 gon =   -0.0359925640 rad
a3 = -115.8473401412 deg = -128.7192668235 gon =   -2.0219175151 rad

Rotation from the b-frame to the n-frame(NED) by using the INS navigation angles:

Sensor        x1(m)          x2(m)          x3(m)      Code
-------   ------------   ------------   ------------
      0         0.0000         0.0000         0.0000   PLA
      1        -0.0002        -0.0011        -0.0250   INS
      2         0.1857         0.5331        -0.0393   REC2
      3        -0.5344         0.1851        -0.0194   REC3
      4         0.5342        -0.1864        -0.0105   REC4
      5        -0.1859        -0.5344         0.0093   REC5
      6        -0.1705         0.6914        -0.1088   CAM1
      7        -0.4405         0.5609        -0.1014   CAM2

n-frame vectors with origin in device (5)

Sensor        x1(m)          x2(m)          x3(m)      Code
-------   ------------   ------------   ------------
      0         0.0000         0.0000         0.0000   PLA
      1        -0.0002        -0.0011        -0.0250   INS
      2         0.1857         0.5331        -0.0393   REC2
      3        -0.5344         0.1851        -0.0194   REC3
      4         0.5342        -0.1864        -0.0105   REC4
      5        -0.1859        -0.5344         0.0093   REC5
      6        -0.1705         0.6914        -0.1088   CAM1
      7        -0.4405         0.5609        -0.1014   CAM2

----------------------------------------
Rotation from the n-frame to the e-frame
----------------------------------------

By using the e-frame coordinates of the device (5):

     Xo  =       4929476.2396 m   Yo  =        -28862.7329 m  Zo  =    4033747.2662 m
     lat =    39º28'53.11947"     lon =   - 0º20' 7.69382"    hel =         55.8660 m

which provide the following rotation from the n-frame(NED) to the e-frame :


Rotation matrix :

   -0.6358170921    0.0058550314   -0.7718175588
    0.0037227928    0.9999828592    0.0045190935
    0.7718307886    0.0000000000   -0.6358279907

Euler angles :

a1 = -180.0000000000 deg = -200.0000000000 gon =   -3.1415926536 rad
a2 =   50.5185779239 deg =   56.1317532488 gon =    0.8817155182 rad
a3 = -179.6645294956 deg = -199.6272549951 gon =   -3.1357375887 rad

Resulting e-frame vectors with origin in device (5)

Sensor        x1(m)          x2(m)          x3(m)      Code
-------   ------------   ------------   ------------
      0         0.0000         0.0000         0.0000   PLA
      1         0.0194        -0.0012         0.0158   INS
      2        -0.0846         0.5336         0.1683   REC2
      3         0.3559         0.1830        -0.4001   REC3
      4        -0.3326        -0.1844         0.4190   REC4
      5         0.1078        -0.5351        -0.1494   REC5
      6         0.1965         0.6902        -0.0624   CAM1
      7         0.3616         0.5587        -0.2756   CAM2

The e-frame has to be translated to the device whose coordinates in the e-frame are known (5):



Translated vectors :

Sensor        x1(m)          x2(m)          x3(m)      Code
-------   ------------   ------------   ------------
      0        -0.1078         0.5351         0.1494   PLA
      1        -0.0884         0.5339         0.1651   INS
      2        -0.1924         1.0687         0.3177   REC2
      3         0.2480         0.7181        -0.2507   REC3
      4        -0.4404         0.3506         0.5684   REC4
      5         0.0000         0.0000         0.0000   REC5
      6         0.0886         1.2253         0.0870   CAM1
      7         0.2538         1.0938        -0.1262   CAM2

Finally, the e-frame has to be translated from the device (5) to the Earth's center by using
the ECEF coordinates of that device:

     Xo  =       4929476.2396 m   Yo  =        -28862.7329 m  Zo  =    4033747.2662 m



Translated vectors :

Sensor        x1(m)          x2(m)          x3(m)      Code
-------   ------------   ------------   ------------
      0   4929476.1317    -28862.1978   4033747.4156   PLA
      1   4929476.1511    -28862.1990   4033747.4314   INS
      2   4929476.0472    -28861.6642   4033747.5839   REC2
      3   4929476.4876    -28862.0148   4033747.0155   REC3
      4   4929475.7991    -28862.3822   4033747.8346   REC4
      5   4929476.2396    -28862.7329   4033747.2662   REC5
      6   4929476.3282    -28861.5076   4033747.3532   CAM1
      7   4929476.4934    -28861.6391   4033747.1401   CAM2

-----------------
Final coordinates
-----------------



e-frame ECEF coordinates (ETRS89) of all sensors :

Sensor        x1(m)          x2(m)          x3(m)      Code
-------   ------------   ------------   ------------
      0   4929476.1317    -28862.1978   4033747.4156   PLA
      1   4929476.1511    -28862.1990   4033747.4314   INS
      2   4929476.0472    -28861.6642   4033747.5839   REC2
      3   4929476.4876    -28862.0148   4033747.0155   REC3
      4   4929475.7991    -28862.3822   4033747.8346   REC4
      5   4929476.2396    -28862.7329   4033747.2662   REC5
      6   4929476.3282    -28861.5076   4033747.3532   CAM1
      7   4929476.4934    -28861.6391   4033747.1401   CAM2

e-frame geodetic coordinates (ETRS89) of all sensors :

Sensor         Latitude           Longitude        h.ell(m)      N (m)    Code
-------     ---------------    ----------------   ---------    --------  
      0     39º28'53.12550"    - 0º20' 7.67145"     55.8753     50.0166   PLA
      1     39º28'53.12549"    - 0º20' 7.67150"     55.9003     50.0166   INS
      2     39º28'53.13152"    - 0º20' 7.64915"     55.9147     50.0166   REC2
      3     39º28'53.10817"    - 0º20' 7.66371"     55.8948     50.0166   REC3
      4     39º28'53.14282"    - 0º20' 7.67925"     55.8859     50.0166   REC4
      5     39º28'53.11947"    - 0º20' 7.69382"     55.8660     50.0166   REC5
      6     39º28'53.11997"    - 0º20' 7.64253"     55.9842     50.0166   CAM1
      7     39º28'53.11122"    - 0º20' 7.64799"     55.9767     50.0166   CAM2

e-frame TMzn  coordinates (ETRS89) of all sensors :

Sensor          E              N       zn    H.or(m)    Code
-------    -----------   ------------  --  ----------    
      0    729171.1128   4373592.4516  30      5.8588   PLA
      1    729171.1117   4373592.4514  30      5.8837   INS
      2    729171.6403   4373592.6530  30      5.8981   REC2
      3    729171.3137   4373591.9228  30      5.8782   REC3
      4    729170.9107   4373592.9802  30      5.8693   REC4
      5    729170.5840   4373592.2500  30      5.8494   REC5
      6    729171.8091   4373592.3016  30      5.9676   CAM1
      7    729171.6866   4373592.0278  30      5.9602   CAM2

Verification by using the initial GNSS coordinates. Differences expresed in ETRS89-TM(30): 

Sensor           x1(m)          x2(m)          x3(m)   Code
-------      ----------     ----------     ----------  
      2        -0.0453         0.0640         0.0000   REC2
      3         0.0123         0.0532         0.0000   REC3
      4        -0.0407         0.0208         0.0000   REC4
      5         0.0000         0.0000         0.0000   REC5

