STEP BY STEP SOLUTION FOR P1-(2b)

Calibration data provided (b-frame) :

 Sensor       x1(m)          x2(m)          x3(m)        alpha(deg)      beta(deg)     gamma(deg)  Code  
-------   ------------   ------------   ------------  -------------  -------------  ------------- ------
      0         0.0000         0.0000         0.0000     0.00000000     0.00000000     0.00000000   PLA
      1         0.0000         0.0000        -0.0250     0.26356800    -0.43797400     2.86921400   INS
      2         0.4000        -0.4000        -0.0150     0.00000000     0.00000000     0.00000000   REC2
      3         0.4000         0.4000        -0.0150     0.00000000     0.00000000     0.00000000   REC3
      4        -0.4000        -0.4000        -0.0150     0.00000000     0.00000000     0.00000000   REC4
      5        -0.4000         0.4000        -0.0150     0.00000000     0.00000000     0.00000000   REC5
      6         0.7000        -0.1500        -0.0800     0.19654300     0.54167400    -1.35584700   CAM1
      7         0.7000         0.1500        -0.0800    -0.28749500     0.42658800     1.12879200   CAM2

Navigation angles provided by the INS :

       roll  =     1.0345940941 deg
       pitch =     2.5550998026 deg
       yaw   =   112.2847481288 deg

NOTE: They describe the attitude of the s-frame(INS) with regard a n-frame(NED) with the northing 
      coordinate pointing towwards the magnetic north. Therefore, the calibration parametres and the declination
      value has to be included into the computations.

----------------------------------------
Rotation from the s-frame to the b-frame
----------------------------------------
Prior rotation, the b-frame has to be translated to the device providing the navigation angles (1):

Calibration angles provided for the device (1) to transform from the s-frame(INS) to the b-frame(PLATFORM):

       alpha =     0.2635680000 deg
       beta  =    -0.4379740000 deg
       gamma =     2.8692140000 deg


Rotation from the b-frame(PLATFORM) to the s-frame(INS)

Euler angles :

a1 =   -0.2635680000 deg =   -0.2928533333 gon =   -0.0046001294 rad
a2 =    0.4379740000 deg =    0.4866377778 gon =    0.0076440883 rad
a3 =   -2.8692140000 deg =   -3.1880155556 gon =   -0.0500772312 rad

Rotation matrix :

    0.9987172182   -0.0500908935   -0.0074040859
    0.0500548414    0.9987340700   -0.0049769735
    0.0076440139    0.0045999788    0.9999602038

--------------------------------------------------------------
Rotation from the s-frame (INS) to the n-frame(Magnetic North)
--------------------------------------------------------------


Rotation from the s-frame(INS) to the n-frame(MN)

Euler angles :

a1 =   -1.0345940941 deg =   -1.1495489934 gon =   -0.0180570734 rad
a2 =   -2.5550998026 deg =   -2.8389997807 gon =   -0.0445949043 rad
a3 = -112.2847481288 deg = -124.7608312542 gon =   -1.9597385546 rad

Rotation matrix :

   -0.3788328537   -0.9254650890   -0.0001949717
    0.9243907623   -0.3784032168    0.0480907895
   -0.0445801247    0.0180381410    0.9988429496

-------------------------------------------------------------------------
Rotation from the n-frame(Magnetic North) to the n-frame (Geodetic North)
-------------------------------------------------------------------------

Declination provided for the device (1) to transform from the Magnetic North to the Geodetic North:

       declination =    -0.7000000000 deg


Rotation from the n-frame(MN) to the n-frame(GN)

Euler angles :

a1 =    0.0000000000 deg =    0.0000000000 gon =    0.0000000000 rad
a2 =    0.0000000000 deg =    0.0000000000 gon =    0.0000000000 rad
a3 =   -0.7000000000 deg =   -0.7777777778 gon =   -0.0122173048 rad

Rotation matrix :

    0.9999253697   -0.0122170008   -0.0000000000
    0.0122170008    0.9999253697    0.0000000000
    0.0000000000   -0.0000000000    1.0000000000

--------------------------------------------------------------------------------------
Total rotation from the b-frame to the n-frame (GN) by using the INS navigation angles
--------------------------------------------------------------------------------------


Rotation matrix :

   -0.4356925847   -0.9000706834    0.0066885300
    0.8993759284   -0.4350351585    0.0432128486
   -0.0359848725    0.0248430206    0.9990434992

Euler angles :

a1 =   -1.4244694545 deg =   -1.5827438384 gon =   -0.0248616821 rad
a2 =   -2.0622265493 deg =   -2.2913628325 gon =   -0.0359926432 rad
a3 = -115.8473477346 deg = -128.7192752606 gon =   -2.0219176477 rad

Rotation from the b-frame to the n-frame(NED) by using the INS navigation angles:

Sensor        x1(m)          x2(m)          x3(m)      Code
-------   ------------   ------------   ------------
      0         0.0000         0.0000         0.0000   PLA
      1        -0.0002        -0.0011        -0.0250   INS
      2         0.1857         0.5331        -0.0393   REC2
      3        -0.5344         0.1851        -0.0194   REC3
      4         0.5342        -0.1864        -0.0105   REC4
      5        -0.1859        -0.5344         0.0093   REC5
      6        -0.1705         0.6914        -0.1088   CAM1
      7        -0.4405         0.5609        -0.1014   CAM2

n-frame vectors with origin in device (2)

Sensor        x1(m)          x2(m)          x3(m)      Code
-------   ------------   ------------   ------------
      0         0.0000         0.0000         0.0000   PLA
      1        -0.0002        -0.0011        -0.0250   INS
      2         0.1857         0.5331        -0.0393   REC2
      3        -0.5344         0.1851        -0.0194   REC3
      4         0.5342        -0.1864        -0.0105   REC4
      5        -0.1859        -0.5344         0.0093   REC5
      6        -0.1705         0.6914        -0.1088   CAM1
      7        -0.4405         0.5609        -0.1014   CAM2

----------------------------------------
Rotation from the n-frame to the e-frame
----------------------------------------

By using the e-frame coordinates of the device (2):

     Xo  =       4929475.9686 m   Yo  =        -28861.7071 m  Zo  =    4033747.6040 m
     lat =    39º28'53.13364"     lon =   - 0º20' 7.65096"    hel =         55.8670 m

which provide the following rotation from the n-frame(NED) to the e-frame :


Rotation matrix :

   -0.6358171458    0.0058548236   -0.7718175161
    0.0037226611    0.9999828604    0.0045189329
    0.7718307449    0.0000000000   -0.6358280437

Euler angles :

a1 = -180.0000000000 deg = -200.0000000000 gon =   -3.1415926536 rad
a2 =   50.5185739897 deg =   56.1317488775 gon =    0.8817154495 rad
a3 = -179.6645413989 deg = -199.6272682210 gon =   -3.1357377965 rad

Resulting e-frame vectors with origin in device (2)

Sensor        x1(m)          x2(m)          x3(m)      Code
-------   ------------   ------------   ------------
      0         0.0000         0.0000         0.0000   PLA
      1         0.0194        -0.0012         0.0158   INS
      2        -0.0846         0.5336         0.1683   REC2
      3         0.3559         0.1830        -0.4001   REC3
      4        -0.3326        -0.1844         0.4190   REC4
      5         0.1078        -0.5351        -0.1494   REC5
      6         0.1965         0.6902        -0.0624   CAM1
      7         0.3616         0.5587        -0.2756   CAM2

The e-frame has to be translated to the device whose coordinates in the e-frame are known (2):



Translated vectors :

Sensor        x1(m)          x2(m)          x3(m)      Code
-------   ------------   ------------   ------------
      0         0.0846        -0.5336        -0.1683   PLA
      1         0.1040        -0.5348        -0.1525   INS
      2         0.0000         0.0000         0.0000   REC2
      3         0.4404        -0.3506        -0.5684   REC3
      4        -0.2480        -0.7181         0.2507   REC4
      5         0.1924        -1.0687        -0.3177   REC5
      6         0.2810         0.1566        -0.2307   CAM1
      7         0.4462         0.0251        -0.4438   CAM2

Finally, the e-frame has to be translated from the device (2) to the Earth's center by using
the ECEF coordinates of that device:

     Xo  =       4929475.9686 m   Yo  =        -28861.7071 m  Zo  =    4033747.6040 m



Translated vectors :

Sensor        x1(m)          x2(m)          x3(m)      Code
-------   ------------   ------------   ------------
      0   4929476.0532    -28862.2408   4033747.4357   PLA
      1   4929476.0725    -28862.2419   4033747.4515   INS
      2   4929475.9686    -28861.7071   4033747.6040   REC2
      3   4929476.4090    -28862.0577   4033747.0356   REC3
      4   4929475.7206    -28862.4252   4033747.8547   REC4
      5   4929476.1610    -28862.7758   4033747.2863   REC5
      6   4929476.2496    -28861.5505   4033747.3733   CAM1
      7   4929476.4148    -28861.6820   4033747.1602   CAM2

-----------------
Final coordinates
-----------------



e-frame ECEF coordinates (ETRS89) of all sensors :

Sensor        x1(m)          x2(m)          x3(m)      Code
-------   ------------   ------------   ------------
      0   4929476.0532    -28862.2408   4033747.4357   PLA
      1   4929476.0725    -28862.2419   4033747.4515   INS
      2   4929475.9686    -28861.7071   4033747.6040   REC2
      3   4929476.4090    -28862.0577   4033747.0356   REC3
      4   4929475.7206    -28862.4252   4033747.8547   REC4
      5   4929476.1610    -28862.7758   4033747.2863   REC5
      6   4929476.2496    -28861.5505   4033747.3733   CAM1
      7   4929476.4148    -28861.6820   4033747.1602   CAM2

e-frame geodetic coordinates (ETRS89) of all sensors :

Sensor         Latitude           Longitude        h.ell(m)      N (m)    Code
-------     ---------------    ----------------   ---------    --------  
      0     39º28'53.12762"    - 0º20' 7.67327"     55.8277     50.0166   PLA
      1     39º28'53.12761"    - 0º20' 7.67332"     55.8527     50.0166   INS
      2     39º28'53.13364"    - 0º20' 7.65096"     55.8670     50.0166   REC2
      3     39º28'53.11029"    - 0º20' 7.66553"     55.8471     50.0166   REC3
      4     39º28'53.14494"    - 0º20' 7.68107"     55.8382     50.0166   REC4
      5     39º28'53.12159"    - 0º20' 7.69563"     55.8183     50.0166   REC5
      6     39º28'53.12209"    - 0º20' 7.64434"     55.9365     50.0166   CAM1
      7     39º28'53.11333"    - 0º20' 7.64980"     55.9291     50.0166   CAM2

e-frame TMzn  coordinates (ETRS89) of all sensors :

Sensor          E              N       zn    H.or(m)    Code
-------    -----------   ------------  --  ----------    
      0    729171.0675   4373592.5156  30      5.8111   PLA
      1    729171.0664   4373592.5154  30      5.8361   INS
      2    729171.5950   4373592.7170  30      5.8504   REC2
      3    729171.2683   4373591.9868  30      5.8306   REC3
      4    729170.8653   4373593.0442  30      5.8216   REC4
      5    729170.5387   4373592.3140  30      5.8017   REC5
      6    729171.7637   4373592.3656  30      5.9200   CAM1
      7    729171.6412   4373592.0918  30      5.9125   CAM2

Verification by using the initial GNSS coordinates. Differences expresed in ETRS89-TM(30): 

Sensor           x1(m)          x2(m)          x3(m)   Code
-------      ----------     ----------     ----------  
      2         0.0000         0.0000         0.0000   REC2
      3         0.0577        -0.0108         0.0000   REC3
      4         0.0047        -0.0432         0.0000   REC4
      5         0.0453        -0.0640         0.0000   REC5

