STEP BY STEP SOLUTION FOR P1-(2b)

Calibration data provided (b-frame) :

 Sensor       x1(m)          x2(m)          x3(m)        alpha(deg)      beta(deg)     gamma(deg)  Code  
-------   ------------   ------------   ------------  -------------  -------------  ------------- ------
      0         0.0000         0.0000         0.0000     0.00000000     0.00000000     0.00000000   PLA
      1         0.0000         0.0000        -0.0250     0.26356800    -0.43797400     2.86921400   INS
      2         0.4000        -0.4000        -0.0150     0.00000000     0.00000000     0.00000000   REC2
      3         0.4000         0.4000        -0.0150     0.00000000     0.00000000     0.00000000   REC3
      4        -0.4000        -0.4000        -0.0150     0.00000000     0.00000000     0.00000000   REC4
      5        -0.4000         0.4000        -0.0150     0.00000000     0.00000000     0.00000000   REC5
      6         0.7000        -0.1500        -0.0800     0.19654300     0.54167400    -1.35584700   CAM1
      7         0.7000         0.1500        -0.0800    -0.28749500     0.42658800     1.12879200   CAM2

Navigation angles provided by the INS :

       roll  =     1.0345988149 deg
       pitch =     2.5550977895 deg
       yaw   =   112.2847444085 deg

NOTE: They describe the attitude of the s-frame(INS) with regard a n-frame(NED) with the northing 
      coordinate pointing towwards the magnetic north. Therefore, the calibration parametres and the declination
      value has to be included into the computations.

----------------------------------------
Rotation from the s-frame to the b-frame
----------------------------------------
Prior rotation, the b-frame has to be translated to the device providing the navigation angles (1):

Calibration angles provided for the device (1) to transform from the s-frame(INS) to the b-frame(PLATFORM):

       alpha =     0.2635680000 deg
       beta  =    -0.4379740000 deg
       gamma =     2.8692140000 deg


Rotation from the b-frame(PLATFORM) to the s-frame(INS)

Euler angles :

a1 =   -0.2635680000 deg =   -0.2928533333 gon =   -0.0046001294 rad
a2 =    0.4379740000 deg =    0.4866377778 gon =    0.0076440883 rad
a3 =   -2.8692140000 deg =   -3.1880155556 gon =   -0.0500772312 rad

Rotation matrix :

    0.9987172182   -0.0500908935   -0.0074040859
    0.0500548414    0.9987340700   -0.0049769735
    0.0076440139    0.0045999788    0.9999602038

--------------------------------------------------------------
Rotation from the s-frame (INS) to the n-frame(Magnetic North)
--------------------------------------------------------------


Rotation from the s-frame(INS) to the n-frame(MN)

Euler angles :

a1 =   -1.0345988149 deg =   -1.1495542388 gon =   -0.0180571558 rad
a2 =   -2.5550977895 deg =   -2.8389975439 gon =   -0.0445948691 rad
a3 = -112.2847444085 deg = -124.7608271206 gon =   -1.9597384897 rad

Rotation matrix :

   -0.3788327942   -0.9254651134   -0.0001948790
    0.9243907884   -0.3784031534    0.0480907882
   -0.0445800896    0.0180382233    0.9988429497

-------------------------------------------------------------------------
Rotation from the n-frame(Magnetic North) to the n-frame (Geodetic North)
-------------------------------------------------------------------------

Declination provided for the device (1) to transform from the Magnetic North to the Geodetic North:

       declination =    -0.7000000000 deg


Rotation from the n-frame(MN) to the n-frame(GN)

Euler angles :

a1 =    0.0000000000 deg =    0.0000000000 gon =    0.0000000000 rad
a2 =    0.0000000000 deg =    0.0000000000 gon =    0.0000000000 rad
a3 =   -0.7000000000 deg =   -0.7777777778 gon =   -0.0122173048 rad

Rotation matrix :

    0.9999253697   -0.0122170008   -0.0000000000
    0.0122170008    0.9999253697    0.0000000000
    0.0000000000   -0.0000000000    1.0000000000

--------------------------------------------------------------------------------------
Total rotation from the b-frame to the n-frame (GN) by using the INS navigation angles
--------------------------------------------------------------------------------------


Rotation matrix :

   -0.4356925263   -0.9000707110    0.0066886224
    0.8993759583   -0.4350350968    0.0432128480
   -0.0359848333    0.0248431010    0.9990434986

Euler angles :

a1 =   -1.4244740672 deg =   -1.5827489635 gon =   -0.0248617626 rad
a2 =   -2.0622243032 deg =   -2.2913603369 gon =   -0.0359926040 rad
a3 = -115.8473439698 deg = -128.7192710776 gon =   -2.0219175820 rad

Rotation from the b-frame to the n-frame(NED) by using the INS navigation angles:

Sensor        x1(m)          x2(m)          x3(m)      Code
-------   ------------   ------------   ------------
      0         0.0000         0.0000         0.0000   PLA
      1        -0.0002        -0.0011        -0.0250   INS
      2         0.1857         0.5331        -0.0393   REC2
      3        -0.5344         0.1851        -0.0194   REC3
      4         0.5342        -0.1864        -0.0105   REC4
      5        -0.1859        -0.5344         0.0093   REC5
      6        -0.1705         0.6914        -0.1088   CAM1
      7        -0.4405         0.5609        -0.1014   CAM2

n-frame vectors with origin in device (0)

Sensor        x1(m)          x2(m)          x3(m)      Code
-------   ------------   ------------   ------------
      0         0.0000         0.0000         0.0000   PLA
      1        -0.0002        -0.0011        -0.0250   INS
      2         0.1857         0.5331        -0.0393   REC2
      3        -0.5344         0.1851        -0.0194   REC3
      4         0.5342        -0.1864        -0.0105   REC4
      5        -0.1859        -0.5344         0.0093   REC5
      6        -0.1705         0.6914        -0.1088   CAM1
      7        -0.4405         0.5609        -0.1014   CAM2

----------------------------------------
Rotation from the n-frame to the e-frame
----------------------------------------

By using the e-frame coordinates of the device (0):

     Xo  =       4929476.0985 m   Yo  =        -28862.2156 m  Zo  =    4033747.4336 m
     lat =    39º28'53.12663"     lon =   - 0º20' 7.67221"    hel =         55.8612 m

which provide the following rotation from the n-frame(NED) to the e-frame :


Rotation matrix :

   -0.6358171193    0.0058549266   -0.7718175372
    0.0037227264    0.9999828598    0.0045190125
    0.7718307665    0.0000000000   -0.6358280175

Euler angles :

a1 = -180.0000000000 deg = -200.0000000000 gon =   -3.1415926536 rad
a2 =   50.5185759353 deg =   56.1317510393 gon =    0.8817154835 rad
a3 = -179.6645354974 deg = -199.6272616638 gon =   -3.1357376935 rad

Resulting e-frame vectors with origin in device (0)

Sensor        x1(m)          x2(m)          x3(m)      Code
-------   ------------   ------------   ------------
      0         0.0000         0.0000         0.0000   PLA
      1         0.0194        -0.0012         0.0158   INS
      2        -0.0846         0.5336         0.1683   REC2
      3         0.3559         0.1830        -0.4001   REC3
      4        -0.3326        -0.1844         0.4190   REC4
      5         0.1078        -0.5351        -0.1494   REC5
      6         0.1965         0.6902        -0.0624   CAM1
      7         0.3616         0.5587        -0.2756   CAM2

The e-frame has to be translated to the device whose coordinates in the e-frame are known (0):



Translated vectors :

Sensor        x1(m)          x2(m)          x3(m)      Code
-------   ------------   ------------   ------------
      0         0.0000         0.0000         0.0000   PLA
      1         0.0194        -0.0012         0.0158   INS
      2        -0.0846         0.5336         0.1683   REC2
      3         0.3559         0.1830        -0.4001   REC3
      4        -0.3326        -0.1844         0.4190   REC4
      5         0.1078        -0.5351        -0.1494   REC5
      6         0.1965         0.6902        -0.0624   CAM1
      7         0.3616         0.5587        -0.2756   CAM2

Finally, the e-frame has to be translated from the device (0) to the Earth's center by using
the ECEF coordinates of that device:

     Xo  =       4929476.0985 m   Yo  =        -28862.2156 m  Zo  =    4033747.4336 m



Translated vectors :

Sensor        x1(m)          x2(m)          x3(m)      Code
-------   ------------   ------------   ------------
      0   4929476.0985    -28862.2156   4033747.4336   PLA
      1   4929476.1179    -28862.2168   4033747.4494   INS
      2   4929476.0140    -28861.6820   4033747.6019   REC2
      3   4929476.4544    -28862.0326   4033747.0335   REC3
      4   4929475.7659    -28862.4001   4033747.8526   REC4
      5   4929476.2064    -28862.7507   4033747.2842   REC5
      6   4929476.2950    -28861.5254   4033747.3712   CAM1
      7   4929476.4602    -28861.6569   4033747.1581   CAM2

-----------------
Final coordinates
-----------------



e-frame ECEF coordinates (ETRS89) of all sensors :

Sensor        x1(m)          x2(m)          x3(m)      Code
-------   ------------   ------------   ------------
      0   4929476.0985    -28862.2156   4033747.4336   PLA
      1   4929476.1179    -28862.2168   4033747.4494   INS
      2   4929476.0140    -28861.6820   4033747.6019   REC2
      3   4929476.4544    -28862.0326   4033747.0335   REC3
      4   4929475.7659    -28862.4001   4033747.8526   REC4
      5   4929476.2064    -28862.7507   4033747.2842   REC5
      6   4929476.2950    -28861.5254   4033747.3712   CAM1
      7   4929476.4602    -28861.6569   4033747.1581   CAM2

e-frame geodetic coordinates (ETRS89) of all sensors :

Sensor         Latitude           Longitude        h.ell(m)      N (m)    Code
-------     ---------------    ----------------   ---------    --------  
      0     39º28'53.12663"    - 0º20' 7.67221"     55.8612     50.0166   PLA
      1     39º28'53.12663"    - 0º20' 7.67225"     55.8862     50.0166   INS
      2     39º28'53.13265"    - 0º20' 7.64990"     55.9006     50.0166   REC2
      3     39º28'53.10930"    - 0º20' 7.66446"     55.8807     50.0166   REC3
      4     39º28'53.14395"    - 0º20' 7.68001"     55.8718     50.0166   REC4
      5     39º28'53.12061"    - 0º20' 7.69457"     55.8519     50.0166   REC5
      6     39º28'53.12110"    - 0º20' 7.64328"     55.9701     50.0166   CAM1
      7     39º28'53.11235"    - 0º20' 7.64874"     55.9626     50.0166   CAM2

e-frame TMzn  coordinates (ETRS89) of all sensors :

Sensor          E              N       zn    H.or(m)    Code
-------    -----------   ------------  --  ----------    
      0    729171.0937   4373592.4860  30      5.8447   PLA
      1    729171.0927   4373592.4858  30      5.8696   INS
      2    729171.6213   4373592.6874  30      5.8840   REC2
      3    729171.2946   4373591.9572  30      5.8641   REC3
      4    729170.8916   4373593.0146  30      5.8552   REC4
      5    729170.5649   4373592.2844  30      5.8353   REC5
      6    729171.7900   4373592.3360  30      5.9535   CAM1
      7    729171.6675   4373592.0621  30      5.9461   CAM2

Verification by using the initial GNSS coordinates. Differences expresed in ETRS89-TM(30): 

Sensor           x1(m)          x2(m)          x3(m)   Code
-------      ----------     ----------     ----------  
      2        -0.0263         0.0296         0.0000   REC2
      3         0.0314         0.0188         0.0000   REC3
      4        -0.0216        -0.0136         0.0000   REC4
      5         0.0191        -0.0344         0.0000   REC5

