STEP BY STEP SOLUTION FOR P1-(2b)

Calibration data provided (b-frame) :

 Sensor       x1(m)          x2(m)          x3(m)        alpha(deg)      beta(deg)     gamma(deg)  Code  
-------   ------------   ------------   ------------  -------------  -------------  ------------- ------
      0         0.0000         0.0000         0.0000     0.00000000     0.00000000     0.00000000   PLA
      1         0.0000         0.0000        -0.0250     0.26356800    -0.43797400     2.86921400   INS
      2         0.4000        -0.4000        -0.0150     0.00000000     0.00000000     0.00000000   REC2
      3         0.4000         0.4000        -0.0150     0.00000000     0.00000000     0.00000000   REC3
      4        -0.4000        -0.4000        -0.0150     0.00000000     0.00000000     0.00000000   REC4
      5        -0.4000         0.4000        -0.0150     0.00000000     0.00000000     0.00000000   REC5
      6         0.7000        -0.1500        -0.0800     0.19654300     0.54167400    -1.35584700   CAM1
      7         0.7000         0.1500        -0.0800    -0.28749500     0.42658800     1.12879200   CAM2

Navigation angles provided by the INS :

       roll  =     1.0346007566 deg
       pitch =     2.5551024560 deg
       yaw   =   112.2847427825 deg

NOTE: They describe the attitude of the s-frame(INS) with regard a n-frame(NED) with the northing 
      coordinate pointing towwards the magnetic north. Therefore, the calibration parametres and the declination
      value has to be included into the computations.

----------------------------------------
Rotation from the s-frame to the b-frame
----------------------------------------
Prior rotation, the b-frame has to be translated to the device providing the navigation angles (1):

Calibration angles provided for the device (1) to transform from the s-frame(INS) to the b-frame(PLATFORM):

       alpha =     0.2635680000 deg
       beta  =    -0.4379740000 deg
       gamma =     2.8692140000 deg


Rotation from the b-frame(PLATFORM) to the s-frame(INS)

Euler angles :

a1 =   -0.2635680000 deg =   -0.2928533333 gon =   -0.0046001294 rad
a2 =    0.4379740000 deg =    0.4866377778 gon =    0.0076440883 rad
a3 =   -2.8692140000 deg =   -3.1880155556 gon =   -0.0500772312 rad

Rotation matrix :

    0.9987172182   -0.0500908935   -0.0074040859
    0.0500548414    0.9987340700   -0.0049769735
    0.0076440139    0.0045999788    0.9999602038

--------------------------------------------------------------
Rotation from the s-frame (INS) to the n-frame(Magnetic North)
--------------------------------------------------------------


Rotation from the s-frame(INS) to the n-frame(MN)

Euler angles :

a1 =   -1.0346007566 deg =   -1.1495563963 gon =   -0.0180571896 rad
a2 =   -2.5551024560 deg =   -2.8390027289 gon =   -0.0445949506 rad
a3 = -112.2847427825 deg = -124.7608253139 gon =   -1.9597384613 rad

Rotation matrix :

   -0.3788327666   -0.9254651247   -0.0001948772
    0.9243907958   -0.3784031241    0.0480908763
   -0.0445801710    0.0180382571    0.9988429454

-------------------------------------------------------------------------
Rotation from the n-frame(Magnetic North) to the n-frame (Geodetic North)
-------------------------------------------------------------------------

Declination provided for the device (1) to transform from the Magnetic North to the Geodetic North:

       declination =    -0.7000000000 deg


Rotation from the n-frame(MN) to the n-frame(GN)

Euler angles :

a1 =    0.0000000000 deg =    0.0000000000 gon =    0.0000000000 rad
a2 =    0.0000000000 deg =    0.0000000000 gon =    0.0000000000 rad
a3 =   -0.7000000000 deg =   -0.7777777778 gon =   -0.0122173048 rad

Rotation matrix :

    0.9999253697   -0.0122170008   -0.0000000000
    0.0122170008    0.9999253697    0.0000000000
    0.0000000000   -0.0000000000    1.0000000000

--------------------------------------------------------------------------------------
Total rotation from the b-frame to the n-frame (GN) by using the INS navigation angles
--------------------------------------------------------------------------------------


Rotation matrix :

   -0.4356924994   -0.9000707241    0.0066886230
    0.8993759681   -0.4350350677    0.0432129359
   -0.0359849129    0.0248431388    0.9990434948

Euler angles :

a1 =   -1.4244762391 deg =   -1.5827513767 gon =   -0.0248618005 rad
a2 =   -2.0622288670 deg =   -2.2913654078 gon =   -0.0359926837 rad
a3 = -115.8473423354 deg = -128.7192692615 gon =   -2.0219175534 rad

Rotation from the b-frame to the n-frame(NED) by using the INS navigation angles:

Sensor        x1(m)          x2(m)          x3(m)      Code
-------   ------------   ------------   ------------
      0         0.0000         0.0000         0.0000   PLA
      1        -0.0002        -0.0011        -0.0250   INS
      2         0.1857         0.5331        -0.0393   REC2
      3        -0.5344         0.1851        -0.0194   REC3
      4         0.5342        -0.1864        -0.0105   REC4
      5        -0.1859        -0.5344         0.0093   REC5
      6        -0.1705         0.6914        -0.1088   CAM1
      7        -0.4405         0.5609        -0.1014   CAM2

n-frame vectors with origin in device (4)

Sensor        x1(m)          x2(m)          x3(m)      Code
-------   ------------   ------------   ------------
      0         0.0000         0.0000         0.0000   PLA
      1        -0.0002        -0.0011        -0.0250   INS
      2         0.1857         0.5331        -0.0393   REC2
      3        -0.5344         0.1851        -0.0194   REC3
      4         0.5342        -0.1864        -0.0105   REC4
      5        -0.1859        -0.5344         0.0093   REC5
      6        -0.1705         0.6914        -0.1088   CAM1
      7        -0.4405         0.5609        -0.1014   CAM2

----------------------------------------
Rotation from the n-frame to the e-frame
----------------------------------------

By using the e-frame coordinates of the device (4):

     Xo  =       4929475.7827 m   Yo  =        -28862.4222 m  Zo  =    4033747.8498 m
     lat =    39º28'53.14353"     lon =   - 0º20' 7.68093"    hel =         55.8830 m

which provide the following rotation from the n-frame(NED) to the e-frame :


Rotation matrix :

   -0.6358171823    0.0058549689   -0.7718174849
    0.0037227536    0.9999828595    0.0045190448
    0.7718307144    0.0000000000   -0.6358280807

Euler angles :

a1 = -180.0000000000 deg = -200.0000000000 gon =   -3.1415926536 rad
a2 =   50.5185712403 deg =   56.1317458225 gon =    0.8817154015 rad
a3 = -179.6645330756 deg = -199.6272589728 gon =   -3.1357376512 rad

Resulting e-frame vectors with origin in device (4)

Sensor        x1(m)          x2(m)          x3(m)      Code
-------   ------------   ------------   ------------
      0         0.0000         0.0000         0.0000   PLA
      1         0.0194        -0.0012         0.0158   INS
      2        -0.0846         0.5336         0.1683   REC2
      3         0.3559         0.1830        -0.4001   REC3
      4        -0.3326        -0.1844         0.4190   REC4
      5         0.1078        -0.5351        -0.1494   REC5
      6         0.1965         0.6902        -0.0624   CAM1
      7         0.3616         0.5587        -0.2756   CAM2

The e-frame has to be translated to the device whose coordinates in the e-frame are known (4):



Translated vectors :

Sensor        x1(m)          x2(m)          x3(m)      Code
-------   ------------   ------------   ------------
      0         0.3326         0.1844        -0.4190   PLA
      1         0.3520         0.1832        -0.4033   INS
      2         0.2480         0.7181        -0.2507   REC2
      3         0.6885         0.3674        -0.8191   REC3
      4         0.0000         0.0000         0.0000   REC4
      5         0.4404        -0.3506        -0.5684   REC5
      6         0.5291         0.8747        -0.4814   CAM1
      7         0.6943         0.7432        -0.6946   CAM2

Finally, the e-frame has to be translated from the device (4) to the Earth's center by using
the ECEF coordinates of that device:

     Xo  =       4929475.7827 m   Yo  =        -28862.4222 m  Zo  =    4033747.8498 m



Translated vectors :

Sensor        x1(m)          x2(m)          x3(m)      Code
-------   ------------   ------------   ------------
      0   4929476.1153    -28862.2377   4033747.4308   PLA
      1   4929476.1347    -28862.2389   4033747.4465   INS
      2   4929476.0307    -28861.7041   4033747.5991   REC2
      3   4929476.4712    -28862.0547   4033747.0307   REC3
      4   4929475.7827    -28862.4222   4033747.8498   REC4
      5   4929476.2231    -28862.7728   4033747.2814   REC5
      6   4929476.3118    -28861.5475   4033747.3684   CAM1
      7   4929476.4769    -28861.6790   4033747.1552   CAM2

-----------------
Final coordinates
-----------------



e-frame ECEF coordinates (ETRS89) of all sensors :

Sensor        x1(m)          x2(m)          x3(m)      Code
-------   ------------   ------------   ------------
      0   4929476.1153    -28862.2377   4033747.4308   PLA
      1   4929476.1347    -28862.2389   4033747.4465   INS
      2   4929476.0307    -28861.7041   4033747.5991   REC2
      3   4929476.4712    -28862.0547   4033747.0307   REC3
      4   4929475.7827    -28862.4222   4033747.8498   REC4
      5   4929476.2231    -28862.7728   4033747.2814   REC5
      6   4929476.3118    -28861.5475   4033747.3684   CAM1
      7   4929476.4769    -28861.6790   4033747.1552   CAM2

e-frame geodetic coordinates (ETRS89) of all sensors :

Sensor         Latitude           Longitude        h.ell(m)      N (m)    Code
-------     ---------------    ----------------   ---------    --------  
      0     39º28'53.12621"    - 0º20' 7.67313"     55.8725     50.0166   PLA
      1     39º28'53.12621"    - 0º20' 7.67317"     55.8974     50.0166   INS
      2     39º28'53.13223"    - 0º20' 7.65082"     55.9118     50.0166   REC2
      3     39º28'53.10889"    - 0º20' 7.66538"     55.8919     50.0166   REC3
      4     39º28'53.14354"    - 0º20' 7.68093"     55.8830     50.0166   REC4
      5     39º28'53.12019"    - 0º20' 7.69549"     55.8631     50.0166   REC5
      6     39º28'53.12068"    - 0º20' 7.64420"     55.9813     50.0166   CAM1
      7     39º28'53.11193"    - 0º20' 7.64966"     55.9739     50.0166   CAM2

e-frame TMzn  coordinates (ETRS89) of all sensors :

Sensor          E              N       zn    H.or(m)    Code
-------    -----------   ------------  --  ----------    
      0    729171.0721   4373592.4724  30      5.8559   PLA
      1    729171.0711   4373592.4722  30      5.8809   INS
      2    729171.5997   4373592.6738  30      5.8952   REC2
      3    729171.2730   4373591.9436  30      5.8753   REC3
      4    729170.8700   4373593.0010  30      5.8664   REC4
      5    729170.5433   4373592.2708  30      5.8465   REC5
      6    729171.7684   4373592.3224  30      5.9647   CAM1
      7    729171.6459   4373592.0486  30      5.9573   CAM2

Verification by using the initial GNSS coordinates. Differences expresed in ETRS89-TM(30): 

Sensor           x1(m)          x2(m)          x3(m)   Code
-------      ----------     ----------     ----------  
      2        -0.0047         0.0432         0.0000   REC2
      3         0.0530         0.0324         0.0000   REC3
      4         0.0000         0.0000         0.0000   REC4
      5         0.0407        -0.0208         0.0000   REC5

